<?xml version="1.0" encoding="UTF-8"?>
<testsuite xmlns:xsi="http://www.w3.org/2001/XMLSchema-instance" xsi:noNamespaceSchemaLocation="https://maven.apache.org/surefire/maven-surefire-plugin/xsd/surefire-test-report-3.0.xsd" version="3.0" name="JuiceShopE2ETest" time="4.226" tests="2" errors="1" skipped="0" failures="0">
  <properties>
[...]
</properties>
  <testcase name="registerTest" classname="JuiceShopE2ETest" time="4.203">
    <error type="org.openqa.selenium.remote.UnreachableBrowserException"><![CDATA[org.openqa.selenium.remote.UnreachableBrowserException: 
Could not start a new session. Possible causes are invalid address of the remote server or browser start-up failure.
Build info: version: '3.141.59', revision: 'e82be7d358', time: '2018-11-14T08:17:03'
System info: host: 'in-Saikrisv.local', ip: 'fe80:0:0:0:108f:1eff:fa28:a64d%en0', os.name: 'Mac OS X', os.arch: 'x86_64', os.version: '10.14.6', java.version: '11.0.5'
Driver info: driver.version: RemoteWebDriver
	at JuiceShopE2ETest.registerTest(JuiceShopE2ETest.java:28)
Caused by: java.net.ConnectException: Failed to connect to hub.com/8.38.16.118:4444
	at JuiceShopE2ETest.registerTest(JuiceShopE2ETest.java:28)
Caused by: java.net.ConnectException: Connection refused (Connection refused)
	at JuiceShopE2ETest.registerTest(JuiceShopE2ETest.java:28)
]]></error>
    <system-err><![CDATA[SLF4J: Failed to load class "org.slf4j.impl.StaticLoggerBinder".
SLF4J: Defaulting to no-operation (NOP) logger implementation
SLF4J: See http://www.slf4j.org/codes.html#StaticLoggerBinder for further details.
]]></system-err>
  </testcase>
  <testcase name="login" classname="JuiceShopE2ETest" time="0.002"/>
</testsuite>